21:08:18.960 [main] INFO  api.test.UserTest - ********** Creating user  ***************
21:08:20.766 [main] INFO  api.test.UserTest - **********User is created  ***************
21:08:20.775 [main] INFO  api.test.UserTest - ********** Reading User Info ***************
21:08:21.393 [main] INFO  api.test.UserTest - **********User info  is displayed ***************
21:08:21.396 [main] INFO  api.test.UserTest - ********** Updating User ***************
21:08:22.002 [main] INFO  api.test.UserTest - ********** User updated ***************
21:08:22.607 [main] INFO  api.test.UserTest - **********   Deleting User  ***************
21:08:23.207 [main] INFO  api.test.UserTest - ********** User deleted ***************
21:11:05.893 [main] DEBUG api.test.UserTest - debugging.....
21:11:05.904 [main] INFO  api.test.UserTest - ********** Creating user  ***************
21:11:07.775 [main] INFO  api.test.UserTest - **********User is created  ***************
21:11:07.784 [main] INFO  api.test.UserTest - ********** Reading User Info ***************
21:11:08.358 [main] INFO  api.test.UserTest - **********User info  is displayed ***************
21:11:08.362 [main] INFO  api.test.UserTest - ********** Updating User ***************
21:11:08.925 [main] INFO  api.test.UserTest - ********** User updated ***************
21:11:09.482 [main] INFO  api.test.UserTest - **********   Deleting User  ***************
21:11:10.037 [main] INFO  api.test.UserTest - ********** User deleted ***************
11:32:26.825 [main] DEBUG api.test.UserTest2 - debugging.....
11:32:26.838 [main] INFO  api.test.UserTest2 - ********** Creating user  ***************
11:32:28.820 [main] INFO  api.test.UserTest2 - **********User is created  ***************
11:32:28.829 [main] INFO  api.test.UserTest2 - ********** Reading User Info ***************
11:32:29.446 [main] INFO  api.test.UserTest2 - **********User info  is displayed ***************
11:32:29.448 [main] INFO  api.test.UserTest2 - ********** Updating User ***************
11:32:30.053 [main] INFO  api.test.UserTest2 - ********** User updated ***************
11:32:30.656 [main] INFO  api.test.UserTest2 - **********   Deleting User  ***************
11:32:31.256 [main] INFO  api.test.UserTest2 - ********** User deleted ***************
11:41:05.154 [main] DEBUG api.test.UserTest2 - debugging.....
11:41:05.163 [main] INFO  api.test.UserTest2 - ********** Creating user  ***************
11:41:07.086 [main] INFO  api.test.UserTest2 - **********User is created  ***************
11:41:07.094 [main] INFO  api.test.UserTest2 - ********** Reading User Info ***************
11:41:07.710 [main] INFO  api.test.UserTest2 - **********User info  is displayed ***************
11:41:07.713 [main] INFO  api.test.UserTest2 - ********** Updating User ***************
11:41:08.320 [main] INFO  api.test.UserTest2 - ********** User updated ***************
11:41:08.921 [main] INFO  api.test.UserTest2 - **********   Deleting User  ***************
11:41:09.519 [main] INFO  api.test.UserTest2 - ********** User deleted ***************
12:03:12.889 [main] DEBUG api.test.UserTest2 - debugging.....
12:03:12.899 [main] INFO  api.test.UserTest2 - ********** Creating user  ***************
12:03:14.650 [main] INFO  api.test.UserTest2 - **********User is created  ***************
12:03:14.657 [main] INFO  api.test.UserTest2 - ********** Reading User Info ***************
12:03:15.229 [main] INFO  api.test.UserTest2 - **********User info  is displayed ***************
12:03:15.230 [main] INFO  api.test.UserTest2 - ********** Updating User ***************
12:03:15.787 [main] INFO  api.test.UserTest2 - ********** User updated ***************
12:03:16.341 [main] INFO  api.test.UserTest2 - **********   Deleting User  ***************
12:03:16.894 [main] INFO  api.test.UserTest2 - ********** User deleted ***************
